2019-10-16 19:44:09,259 INFO 13124 [Timer] D:\学习\高级node\nodejs-gaoji-\leasson8\sd-egg\node_modules\egg-multipart\app\schedule\clean_tmpdir.js next time will execute after 31550745ms at 2019-10-17 04:30:00.004
2019-10-16 19:44:09,259 INFO 13124 [Timer] D:\学习\高级node\nodejs-gaoji-\leasson8\sd-egg\node_modules\egg-logrotator\app\schedule\clean_log.js next time will execute after 15350741ms at 2019-10-17 00:00:00.000
2019-10-16 19:44:09,260 INFO 13124 [Timer] D:\学习\高级node\nodejs-gaoji-\leasson8\sd-egg\node_modules\egg-logrotator\app\schedule\rotate_by_file.js next time will execute after 15351741ms at 2019-10-17 00:00:01.001
2019-10-16 19:44:08,976 INFO 15404 [egg-schedule]: register schedule D:\学习\高级node\nodejs-gaoji-\leasson8\sd-egg\node_modules\egg-multipart\app\schedule\clean_tmpdir.js
2019-10-16 19:44:08,976 INFO 15404 [egg-schedule]: register schedule D:\学习\高级node\nodejs-gaoji-\leasson8\sd-egg\node_modules\egg-logrotator\app\schedule\clean_log.js
2019-10-16 19:44:08,976 INFO 15404 [egg-schedule]: register schedule D:\学习\高级node\nodejs-gaoji-\leasson8\sd-egg\node_modules\egg-logrotator\app\schedule\rotate_by_file.js
2019-10-16 19:46:57,801 INFO 10308 [egg-schedule]: register schedule D:\学习\高级node\nodejs-gaoji-\leasson8\sd-egg\node_modules\egg-multipart\app\schedule\clean_tmpdir.js
2019-10-16 19:46:57,801 INFO 10308 [egg-schedule]: register schedule D:\学习\高级node\nodejs-gaoji-\leasson8\sd-egg\node_modules\egg-logrotator\app\schedule\clean_log.js
2019-10-16 19:46:57,801 INFO 10308 [egg-schedule]: register schedule D:\学习\高级node\nodejs-gaoji-\leasson8\sd-egg\node_modules\egg-logrotator\app\schedule\rotate_by_file.js
2019-10-16 19:46:59,377 INFO 16884 [egg-schedule]: register schedule D:\学习\高级node\nodejs-gaoji-\leasson8\sd-egg\node_modules\egg-multipart\app\schedule\clean_tmpdir.js
2019-10-16 19:46:59,377 INFO 16884 [egg-schedule]: register schedule D:\学习\高级node\nodejs-gaoji-\leasson8\sd-egg\node_modules\egg-logrotator\app\schedule\clean_log.js
2019-10-16 19:46:59,377 INFO 16884 [egg-schedule]: register schedule D:\学习\高级node\nodejs-gaoji-\leasson8\sd-egg\node_modules\egg-logrotator\app\schedule\rotate_by_file.js
2019-10-16 19:47:01,797 INFO 1180 [egg-schedule]: register schedule D:\学习\高级node\nodejs-gaoji-\leasson8\sd-egg\node_modules\egg-multipart\app\schedule\clean_tmpdir.js
2019-10-16 19:47:01,797 INFO 1180 [egg-schedule]: register schedule D:\学习\高级node\nodejs-gaoji-\leasson8\sd-egg\node_modules\egg-logrotator\app\schedule\clean_log.js
2019-10-16 19:47:01,797 INFO 1180 [egg-schedule]: register schedule D:\学习\高级node\nodejs-gaoji-\leasson8\sd-egg\node_modules\egg-logrotator\app\schedule\rotate_by_file.js
2019-10-16 19:47:03,546 INFO 15448 [egg-schedule]: register schedule D:\学习\高级node\nodejs-gaoji-\leasson8\sd-egg\node_modules\egg-multipart\app\schedule\clean_tmpdir.js
2019-10-16 19:47:03,546 INFO 15448 [egg-schedule]: register schedule D:\学习\高级node\nodejs-gaoji-\leasson8\sd-egg\node_modules\egg-logrotator\app\schedule\clean_log.js
2019-10-16 19:47:03,546 INFO 15448 [egg-schedule]: register schedule D:\学习\高级node\nodejs-gaoji-\leasson8\sd-egg\node_modules\egg-logrotator\app\schedule\rotate_by_file.js
2019-10-16 19:47:05,313 INFO 13824 [egg-schedule]: register schedule D:\学习\高级node\nodejs-gaoji-\leasson8\sd-egg\node_modules\egg-multipart\app\schedule\clean_tmpdir.js
2019-10-16 19:47:05,313 INFO 13824 [egg-schedule]: register schedule D:\学习\高级node\nodejs-gaoji-\leasson8\sd-egg\node_modules\egg-logrotator\app\schedule\clean_log.js
2019-10-16 19:47:05,313 INFO 13824 [egg-schedule]: register schedule D:\学习\高级node\nodejs-gaoji-\leasson8\sd-egg\node_modules\egg-logrotator\app\schedule\rotate_by_file.js
2019-10-16 19:47:17,968 INFO 2016 [Timer] D:\学习\高级node\nodejs-gaoji-\leasson8\sd-egg\node_modules\egg-multipart\app\schedule\clean_tmpdir.js next time will execute after 31362035ms at 2019-10-17 04:30:00.003
2019-10-16 19:47:17,969 INFO 2016 [Timer] D:\学习\高级node\nodejs-gaoji-\leasson8\sd-egg\node_modules\egg-logrotator\app\schedule\clean_log.js next time will execute after 15162032ms at 2019-10-17 00:00:00.001
2019-10-16 19:47:17,969 INFO 2016 [Timer] D:\学习\高级node\nodejs-gaoji-\leasson8\sd-egg\node_modules\egg-logrotator\app\schedule\rotate_by_file.js next time will execute after 15163031ms at 2019-10-17 00:00:01.000
2019-10-16 19:47:17,751 INFO 8424 [egg-schedule]: register schedule D:\学习\高级node\nodejs-gaoji-\leasson8\sd-egg\node_modules\egg-multipart\app\schedule\clean_tmpdir.js
2019-10-16 19:47:17,751 INFO 8424 [egg-schedule]: register schedule D:\学习\高级node\nodejs-gaoji-\leasson8\sd-egg\node_modules\egg-logrotator\app\schedule\clean_log.js
2019-10-16 19:47:17,751 INFO 8424 [egg-schedule]: register schedule D:\学习\高级node\nodejs-gaoji-\leasson8\sd-egg\node_modules\egg-logrotator\app\schedule\rotate_by_file.js
2019-10-16 19:47:24,983 INFO 17108 [egg-schedule]: register schedule D:\学习\高级node\nodejs-gaoji-\leasson8\sd-egg\node_modules\egg-multipart\app\schedule\clean_tmpdir.js
2019-10-16 19:47:24,983 INFO 17108 [egg-schedule]: register schedule D:\学习\高级node\nodejs-gaoji-\leasson8\sd-egg\node_modules\egg-logrotator\app\schedule\clean_log.js
2019-10-16 19:47:24,983 INFO 17108 [egg-schedule]: register schedule D:\学习\高级node\nodejs-gaoji-\leasson8\sd-egg\node_modules\egg-logrotator\app\schedule\rotate_by_file.js
2019-10-16 19:47:28,271 INFO 9284 [egg-schedule]: register schedule D:\学习\高级node\nodejs-gaoji-\leasson8\sd-egg\node_modules\egg-multipart\app\schedule\clean_tmpdir.js
2019-10-16 19:47:28,271 INFO 9284 [egg-schedule]: register schedule D:\学习\高级node\nodejs-gaoji-\leasson8\sd-egg\node_modules\egg-logrotator\app\schedule\clean_log.js
2019-10-16 19:47:28,271 INFO 9284 [egg-schedule]: register schedule D:\学习\高级node\nodejs-gaoji-\leasson8\sd-egg\node_modules\egg-logrotator\app\schedule\rotate_by_file.js
2019-10-16 19:47:29,716 INFO 2528 [egg-schedule]: register schedule D:\学习\高级node\nodejs-gaoji-\leasson8\sd-egg\node_modules\egg-multipart\app\schedule\clean_tmpdir.js
2019-10-16 19:47:29,716 INFO 2528 [egg-schedule]: register schedule D:\学习\高级node\nodejs-gaoji-\leasson8\sd-egg\node_modules\egg-logrotator\app\schedule\clean_log.js
2019-10-16 19:47:29,716 INFO 2528 [egg-schedule]: register schedule D:\学习\高级node\nodejs-gaoji-\leasson8\sd-egg\node_modules\egg-logrotator\app\schedule\rotate_by_file.js
2019-10-16 19:47:41,795 INFO 13224 [Timer] D:\学习\高级node\nodejs-gaoji-\leasson8\sd-egg\node_modules\egg-multipart\app\schedule\clean_tmpdir.js next time will execute after 31338209ms at 2019-10-17 04:30:00.004
2019-10-16 19:47:41,795 INFO 13224 [Timer] D:\学习\高级node\nodejs-gaoji-\leasson8\sd-egg\node_modules\egg-logrotator\app\schedule\clean_log.js next time will execute after 15138205ms at 2019-10-17 00:00:00.000
2019-10-16 19:47:41,795 INFO 13224 [Timer] D:\学习\高级node\nodejs-gaoji-\leasson8\sd-egg\node_modules\egg-logrotator\app\schedule\rotate_by_file.js next time will execute after 15139205ms at 2019-10-17 00:00:01.000
2019-10-16 19:47:41,550 INFO 9476 [egg-schedule]: register schedule D:\学习\高级node\nodejs-gaoji-\leasson8\sd-egg\node_modules\egg-multipart\app\schedule\clean_tmpdir.js
2019-10-16 19:47:41,550 INFO 9476 [egg-schedule]: register schedule D:\学习\高级node\nodejs-gaoji-\leasson8\sd-egg\node_modules\egg-logrotator\app\schedule\clean_log.js
2019-10-16 19:47:41,550 INFO 9476 [egg-schedule]: register schedule D:\学习\高级node\nodejs-gaoji-\leasson8\sd-egg\node_modules\egg-logrotator\app\schedule\rotate_by_file.js
2019-10-16 19:50:30,093 INFO 12096 [egg-schedule]: register schedule D:\学习\高级node\nodejs-gaoji-\leasson8\sd-egg\node_modules\egg-multipart\app\schedule\clean_tmpdir.js
2019-10-16 19:50:30,093 INFO 12096 [egg-schedule]: register schedule D:\学习\高级node\nodejs-gaoji-\leasson8\sd-egg\node_modules\egg-logrotator\app\schedule\clean_log.js
2019-10-16 19:50:30,093 INFO 12096 [egg-schedule]: register schedule D:\学习\高级node\nodejs-gaoji-\leasson8\sd-egg\node_modules\egg-logrotator\app\schedule\rotate_by_file.js
2019-10-16 19:52:42,117 INFO 9876 [egg-schedule]: register schedule D:\学习\高级node\nodejs-gaoji-\leasson8\sd-egg\node_modules\egg-multipart\app\schedule\clean_tmpdir.js
2019-10-16 19:52:42,117 INFO 9876 [egg-schedule]: register schedule D:\学习\高级node\nodejs-gaoji-\leasson8\sd-egg\node_modules\egg-logrotator\app\schedule\clean_log.js
2019-10-16 19:52:42,117 INFO 9876 [egg-schedule]: register schedule D:\学习\高级node\nodejs-gaoji-\leasson8\sd-egg\node_modules\egg-logrotator\app\schedule\rotate_by_file.js
2019-10-16 19:53:49,630 INFO 13896 [egg-schedule]: register schedule D:\学习\高级node\nodejs-gaoji-\leasson8\sd-egg\node_modules\egg-multipart\app\schedule\clean_tmpdir.js
2019-10-16 19:53:49,630 INFO 13896 [egg-schedule]: register schedule D:\学习\高级node\nodejs-gaoji-\leasson8\sd-egg\node_modules\egg-logrotator\app\schedule\clean_log.js
2019-10-16 19:53:49,630 INFO 13896 [egg-schedule]: register schedule D:\学习\高级node\nodejs-gaoji-\leasson8\sd-egg\node_modules\egg-logrotator\app\schedule\rotate_by_file.js
2019-10-16 19:55:23,061 INFO 15604 [egg-schedule]: register schedule D:\学习\高级node\nodejs-gaoji-\leasson8\sd-egg\node_modules\egg-multipart\app\schedule\clean_tmpdir.js
2019-10-16 19:55:23,061 INFO 15604 [egg-schedule]: register schedule D:\学习\高级node\nodejs-gaoji-\leasson8\sd-egg\node_modules\egg-logrotator\app\schedule\clean_log.js
2019-10-16 19:55:23,061 INFO 15604 [egg-schedule]: register schedule D:\学习\高级node\nodejs-gaoji-\leasson8\sd-egg\node_modules\egg-logrotator\app\schedule\rotate_by_file.js
2019-10-16 19:55:24,925 INFO 3288 [egg-schedule]: register schedule D:\学习\高级node\nodejs-gaoji-\leasson8\sd-egg\node_modules\egg-multipart\app\schedule\clean_tmpdir.js
2019-10-16 19:55:24,925 INFO 3288 [egg-schedule]: register schedule D:\学习\高级node\nodejs-gaoji-\leasson8\sd-egg\node_modules\egg-logrotator\app\schedule\clean_log.js
2019-10-16 19:55:24,925 INFO 3288 [egg-schedule]: register schedule D:\学习\高级node\nodejs-gaoji-\leasson8\sd-egg\node_modules\egg-logrotator\app\schedule\rotate_by_file.js
2019-10-16 19:56:01,834 INFO 2996 [egg-schedule]: register schedule D:\学习\高级node\nodejs-gaoji-\leasson8\sd-egg\node_modules\egg-multipart\app\schedule\clean_tmpdir.js
2019-10-16 19:56:01,834 INFO 2996 [egg-schedule]: register schedule D:\学习\高级node\nodejs-gaoji-\leasson8\sd-egg\node_modules\egg-logrotator\app\schedule\clean_log.js
2019-10-16 19:56:01,834 INFO 2996 [egg-schedule]: register schedule D:\学习\高级node\nodejs-gaoji-\leasson8\sd-egg\node_modules\egg-logrotator\app\schedule\rotate_by_file.js
2019-10-16 19:56:12,784 INFO 2912 [egg-schedule]: register schedule D:\学习\高级node\nodejs-gaoji-\leasson8\sd-egg\node_modules\egg-multipart\app\schedule\clean_tmpdir.js
2019-10-16 19:56:12,784 INFO 2912 [egg-schedule]: register schedule D:\学习\高级node\nodejs-gaoji-\leasson8\sd-egg\node_modules\egg-logrotator\app\schedule\clean_log.js
2019-10-16 19:56:12,784 INFO 2912 [egg-schedule]: register schedule D:\学习\高级node\nodejs-gaoji-\leasson8\sd-egg\node_modules\egg-logrotator\app\schedule\rotate_by_file.js
2019-10-16 19:56:23,311 INFO 7220 [egg-schedule]: register schedule D:\学习\高级node\nodejs-gaoji-\leasson8\sd-egg\node_modules\egg-multipart\app\schedule\clean_tmpdir.js
2019-10-16 19:56:23,311 INFO 7220 [egg-schedule]: register schedule D:\学习\高级node\nodejs-gaoji-\leasson8\sd-egg\node_modules\egg-logrotator\app\schedule\clean_log.js
2019-10-16 19:56:23,311 INFO 7220 [egg-schedule]: register schedule D:\学习\高级node\nodejs-gaoji-\leasson8\sd-egg\node_modules\egg-logrotator\app\schedule\rotate_by_file.js
2019-10-16 19:56:43,075 INFO 13824 [egg-schedule]: register schedule D:\学习\高级node\nodejs-gaoji-\leasson8\sd-egg\node_modules\egg-multipart\app\schedule\clean_tmpdir.js
2019-10-16 19:56:43,075 INFO 13824 [egg-schedule]: register schedule D:\学习\高级node\nodejs-gaoji-\leasson8\sd-egg\node_modules\egg-logrotator\app\schedule\clean_log.js
2019-10-16 19:56:43,075 INFO 13824 [egg-schedule]: register schedule D:\学习\高级node\nodejs-gaoji-\leasson8\sd-egg\node_modules\egg-logrotator\app\schedule\rotate_by_file.js
2019-10-16 19:57:33,272 INFO 1196 [egg-schedule]: register schedule D:\学习\高级node\nodejs-gaoji-\leasson8\sd-egg\node_modules\egg-multipart\app\schedule\clean_tmpdir.js
2019-10-16 19:57:33,272 INFO 1196 [egg-schedule]: register schedule D:\学习\高级node\nodejs-gaoji-\leasson8\sd-egg\node_modules\egg-logrotator\app\schedule\clean_log.js
2019-10-16 19:57:33,272 INFO 1196 [egg-schedule]: register schedule D:\学习\高级node\nodejs-gaoji-\leasson8\sd-egg\node_modules\egg-logrotator\app\schedule\rotate_by_file.js
2019-10-16 19:57:51,482 INFO 12724 [egg-schedule]: register schedule D:\学习\高级node\nodejs-gaoji-\leasson8\sd-egg\node_modules\egg-multipart\app\schedule\clean_tmpdir.js
2019-10-16 19:57:51,482 INFO 12724 [egg-schedule]: register schedule D:\学习\高级node\nodejs-gaoji-\leasson8\sd-egg\node_modules\egg-logrotator\app\schedule\clean_log.js
2019-10-16 19:57:51,482 INFO 12724 [egg-schedule]: register schedule D:\学习\高级node\nodejs-gaoji-\leasson8\sd-egg\node_modules\egg-logrotator\app\schedule\rotate_by_file.js
2019-10-16 19:58:00,649 INFO 5752 [egg-schedule]: register schedule D:\学习\高级node\nodejs-gaoji-\leasson8\sd-egg\node_modules\egg-multipart\app\schedule\clean_tmpdir.js
2019-10-16 19:58:00,649 INFO 5752 [egg-schedule]: register schedule D:\学习\高级node\nodejs-gaoji-\leasson8\sd-egg\node_modules\egg-logrotator\app\schedule\clean_log.js
2019-10-16 19:58:00,649 INFO 5752 [egg-schedule]: register schedule D:\学习\高级node\nodejs-gaoji-\leasson8\sd-egg\node_modules\egg-logrotator\app\schedule\rotate_by_file.js
2019-10-16 19:58:31,192 INFO 1452 [egg-schedule]: register schedule D:\学习\高级node\nodejs-gaoji-\leasson8\sd-egg\node_modules\egg-multipart\app\schedule\clean_tmpdir.js
2019-10-16 19:58:31,192 INFO 1452 [egg-schedule]: register schedule D:\学习\高级node\nodejs-gaoji-\leasson8\sd-egg\node_modules\egg-logrotator\app\schedule\clean_log.js
2019-10-16 19:58:31,192 INFO 1452 [egg-schedule]: register schedule D:\学习\高级node\nodejs-gaoji-\leasson8\sd-egg\node_modules\egg-logrotator\app\schedule\rotate_by_file.js
2019-10-16 20:03:31,080 INFO 3184 [Timer] D:\学习\高级node\nodejs-gaoji-\leasson8\sd-egg\node_modules\egg-multipart\app\schedule\clean_tmpdir.js next time will execute after 30388924ms at 2019-10-17 04:30:00.004
2019-10-16 20:03:31,080 INFO 3184 [Timer] D:\学习\高级node\nodejs-gaoji-\leasson8\sd-egg\node_modules\egg-logrotator\app\schedule\clean_log.js next time will execute after 14188920ms at 2019-10-17 00:00:00.000
2019-10-16 20:03:31,081 INFO 3184 [Timer] D:\学习\高级node\nodejs-gaoji-\leasson8\sd-egg\node_modules\egg-logrotator\app\schedule\rotate_by_file.js next time will execute after 14189920ms at 2019-10-17 00:00:01.001
2019-10-16 20:03:30,733 INFO 10800 [egg-schedule]: register schedule D:\学习\高级node\nodejs-gaoji-\leasson8\sd-egg\node_modules\egg-multipart\app\schedule\clean_tmpdir.js
2019-10-16 20:03:30,733 INFO 10800 [egg-schedule]: register schedule D:\学习\高级node\nodejs-gaoji-\leasson8\sd-egg\node_modules\egg-logrotator\app\schedule\clean_log.js
2019-10-16 20:03:30,733 INFO 10800 [egg-schedule]: register schedule D:\学习\高级node\nodejs-gaoji-\leasson8\sd-egg\node_modules\egg-logrotator\app\schedule\rotate_by_file.js
2019-10-16 20:06:21,617 INFO 7040 [egg-schedule]: register schedule D:\学习\高级node\nodejs-gaoji-\leasson8\sd-egg\node_modules\egg-multipart\app\schedule\clean_tmpdir.js
2019-10-16 20:06:21,617 INFO 7040 [egg-schedule]: register schedule D:\学习\高级node\nodejs-gaoji-\leasson8\sd-egg\node_modules\egg-logrotator\app\schedule\clean_log.js
2019-10-16 20:06:21,617 INFO 7040 [egg-schedule]: register schedule D:\学习\高级node\nodejs-gaoji-\leasson8\sd-egg\node_modules\egg-logrotator\app\schedule\rotate_by_file.js
2019-10-16 20:06:22,994 INFO 12116 [egg-schedule]: register schedule D:\学习\高级node\nodejs-gaoji-\leasson8\sd-egg\node_modules\egg-multipart\app\schedule\clean_tmpdir.js
2019-10-16 20:06:22,994 INFO 12116 [egg-schedule]: register schedule D:\学习\高级node\nodejs-gaoji-\leasson8\sd-egg\node_modules\egg-logrotator\app\schedule\clean_log.js
2019-10-16 20:06:22,994 INFO 12116 [egg-schedule]: register schedule D:\学习\高级node\nodejs-gaoji-\leasson8\sd-egg\node_modules\egg-logrotator\app\schedule\rotate_by_file.js
2019-10-16 20:08:03,369 INFO 12496 [egg-schedule]: register schedule D:\学习\高级node\nodejs-gaoji-\leasson8\sd-egg\node_modules\egg-multipart\app\schedule\clean_tmpdir.js
2019-10-16 20:08:03,369 INFO 12496 [egg-schedule]: register schedule D:\学习\高级node\nodejs-gaoji-\leasson8\sd-egg\node_modules\egg-logrotator\app\schedule\clean_log.js
2019-10-16 20:08:03,369 INFO 12496 [egg-schedule]: register schedule D:\学习\高级node\nodejs-gaoji-\leasson8\sd-egg\node_modules\egg-logrotator\app\schedule\rotate_by_file.js
2019-10-16 20:08:59,337 INFO 16460 [egg-schedule]: register schedule D:\学习\高级node\nodejs-gaoji-\leasson8\sd-egg\node_modules\egg-multipart\app\schedule\clean_tmpdir.js
2019-10-16 20:08:59,337 INFO 16460 [egg-schedule]: register schedule D:\学习\高级node\nodejs-gaoji-\leasson8\sd-egg\node_modules\egg-logrotator\app\schedule\clean_log.js
2019-10-16 20:08:59,337 INFO 16460 [egg-schedule]: register schedule D:\学习\高级node\nodejs-gaoji-\leasson8\sd-egg\node_modules\egg-logrotator\app\schedule\rotate_by_file.js
2019-10-16 20:09:47,862 INFO 14360 [egg-schedule]: register schedule D:\学习\高级node\nodejs-gaoji-\leasson8\sd-egg\node_modules\egg-multipart\app\schedule\clean_tmpdir.js
2019-10-16 20:09:47,862 INFO 14360 [egg-schedule]: register schedule D:\学习\高级node\nodejs-gaoji-\leasson8\sd-egg\node_modules\egg-logrotator\app\schedule\clean_log.js
2019-10-16 20:09:47,862 INFO 14360 [egg-schedule]: register schedule D:\学习\高级node\nodejs-gaoji-\leasson8\sd-egg\node_modules\egg-logrotator\app\schedule\rotate_by_file.js
2019-10-16 20:09:57,530 INFO 12428 [egg-schedule]: register schedule D:\学习\高级node\nodejs-gaoji-\leasson8\sd-egg\node_modules\egg-multipart\app\schedule\clean_tmpdir.js
2019-10-16 20:09:57,530 INFO 12428 [egg-schedule]: register schedule D:\学习\高级node\nodejs-gaoji-\leasson8\sd-egg\node_modules\egg-logrotator\app\schedule\clean_log.js
2019-10-16 20:09:57,530 INFO 12428 [egg-schedule]: register schedule D:\学习\高级node\nodejs-gaoji-\leasson8\sd-egg\node_modules\egg-logrotator\app\schedule\rotate_by_file.js
2019-10-16 20:10:01,008 INFO 12976 [egg-schedule]: register schedule D:\学习\高级node\nodejs-gaoji-\leasson8\sd-egg\node_modules\egg-multipart\app\schedule\clean_tmpdir.js
2019-10-16 20:10:01,008 INFO 12976 [egg-schedule]: register schedule D:\学习\高级node\nodejs-gaoji-\leasson8\sd-egg\node_modules\egg-logrotator\app\schedule\clean_log.js
2019-10-16 20:10:01,008 INFO 12976 [egg-schedule]: register schedule D:\学习\高级node\nodejs-gaoji-\leasson8\sd-egg\node_modules\egg-logrotator\app\schedule\rotate_by_file.js
2019-10-16 20:10:56,034 INFO 13016 [egg-schedule]: register schedule D:\学习\高级node\nodejs-gaoji-\leasson8\sd-egg\node_modules\egg-multipart\app\schedule\clean_tmpdir.js
2019-10-16 20:10:56,034 INFO 13016 [egg-schedule]: register schedule D:\学习\高级node\nodejs-gaoji-\leasson8\sd-egg\node_modules\egg-logrotator\app\schedule\clean_log.js
2019-10-16 20:10:56,034 INFO 13016 [egg-schedule]: register schedule D:\学习\高级node\nodejs-gaoji-\leasson8\sd-egg\node_modules\egg-logrotator\app\schedule\rotate_by_file.js
2019-10-16 20:11:03,790 INFO 6656 [egg-schedule]: register schedule D:\学习\高级node\nodejs-gaoji-\leasson8\sd-egg\node_modules\egg-multipart\app\schedule\clean_tmpdir.js
2019-10-16 20:11:03,790 INFO 6656 [egg-schedule]: register schedule D:\学习\高级node\nodejs-gaoji-\leasson8\sd-egg\node_modules\egg-logrotator\app\schedule\clean_log.js
2019-10-16 20:11:03,790 INFO 6656 [egg-schedule]: register schedule D:\学习\高级node\nodejs-gaoji-\leasson8\sd-egg\node_modules\egg-logrotator\app\schedule\rotate_by_file.js
2019-10-16 20:11:08,754 INFO 8024 [egg-schedule]: register schedule D:\学习\高级node\nodejs-gaoji-\leasson8\sd-egg\node_modules\egg-multipart\app\schedule\clean_tmpdir.js
2019-10-16 20:11:08,754 INFO 8024 [egg-schedule]: register schedule D:\学习\高级node\nodejs-gaoji-\leasson8\sd-egg\node_modules\egg-logrotator\app\schedule\clean_log.js
2019-10-16 20:11:08,754 INFO 8024 [egg-schedule]: register schedule D:\学习\高级node\nodejs-gaoji-\leasson8\sd-egg\node_modules\egg-logrotator\app\schedule\rotate_by_file.js
2019-10-16 20:11:22,650 INFO 744 [egg-schedule]: register schedule D:\学习\高级node\nodejs-gaoji-\leasson8\sd-egg\node_modules\egg-multipart\app\schedule\clean_tmpdir.js
2019-10-16 20:11:22,650 INFO 744 [egg-schedule]: register schedule D:\学习\高级node\nodejs-gaoji-\leasson8\sd-egg\node_modules\egg-logrotator\app\schedule\clean_log.js
2019-10-16 20:11:22,650 INFO 744 [egg-schedule]: register schedule D:\学习\高级node\nodejs-gaoji-\leasson8\sd-egg\node_modules\egg-logrotator\app\schedule\rotate_by_file.js
2019-10-16 20:11:30,345 INFO 14600 [egg-schedule]: register schedule D:\学习\高级node\nodejs-gaoji-\leasson8\sd-egg\node_modules\egg-multipart\app\schedule\clean_tmpdir.js
2019-10-16 20:11:30,345 INFO 14600 [egg-schedule]: register schedule D:\学习\高级node\nodejs-gaoji-\leasson8\sd-egg\node_modules\egg-logrotator\app\schedule\clean_log.js
2019-10-16 20:11:30,346 INFO 14600 [egg-schedule]: register schedule D:\学习\高级node\nodejs-gaoji-\leasson8\sd-egg\node_modules\egg-logrotator\app\schedule\rotate_by_file.js
2019-10-16 20:11:36,389 INFO 8424 [egg-schedule]: register schedule D:\学习\高级node\nodejs-gaoji-\leasson8\sd-egg\node_modules\egg-multipart\app\schedule\clean_tmpdir.js
2019-10-16 20:11:36,390 INFO 8424 [egg-schedule]: register schedule D:\学习\高级node\nodejs-gaoji-\leasson8\sd-egg\node_modules\egg-logrotator\app\schedule\clean_log.js
2019-10-16 20:11:36,390 INFO 8424 [egg-schedule]: register schedule D:\学习\高级node\nodejs-gaoji-\leasson8\sd-egg\node_modules\egg-logrotator\app\schedule\rotate_by_file.js
2019-10-16 20:11:37,838 INFO 16396 [egg-schedule]: register schedule D:\学习\高级node\nodejs-gaoji-\leasson8\sd-egg\node_modules\egg-multipart\app\schedule\clean_tmpdir.js
2019-10-16 20:11:37,838 INFO 16396 [egg-schedule]: register schedule D:\学习\高级node\nodejs-gaoji-\leasson8\sd-egg\node_modules\egg-logrotator\app\schedule\clean_log.js
2019-10-16 20:11:37,838 INFO 16396 [egg-schedule]: register schedule D:\学习\高级node\nodejs-gaoji-\leasson8\sd-egg\node_modules\egg-logrotator\app\schedule\rotate_by_file.js
2019-10-16 20:11:40,341 INFO 10960 [egg-schedule]: register schedule D:\学习\高级node\nodejs-gaoji-\leasson8\sd-egg\node_modules\egg-multipart\app\schedule\clean_tmpdir.js
2019-10-16 20:11:40,341 INFO 10960 [egg-schedule]: register schedule D:\学习\高级node\nodejs-gaoji-\leasson8\sd-egg\node_modules\egg-logrotator\app\schedule\clean_log.js
2019-10-16 20:11:40,341 INFO 10960 [egg-schedule]: register schedule D:\学习\高级node\nodejs-gaoji-\leasson8\sd-egg\node_modules\egg-logrotator\app\schedule\rotate_by_file.js
2019-10-16 20:11:50,340 INFO 16536 [egg-schedule]: register schedule D:\学习\高级node\nodejs-gaoji-\leasson8\sd-egg\node_modules\egg-multipart\app\schedule\clean_tmpdir.js
2019-10-16 20:11:50,340 INFO 16536 [egg-schedule]: register schedule D:\学习\高级node\nodejs-gaoji-\leasson8\sd-egg\node_modules\egg-logrotator\app\schedule\clean_log.js
2019-10-16 20:11:50,340 INFO 16536 [egg-schedule]: register schedule D:\学习\高级node\nodejs-gaoji-\leasson8\sd-egg\node_modules\egg-logrotator\app\schedule\rotate_by_file.js
2019-10-16 20:12:52,333 INFO 13176 [egg-schedule]: register schedule D:\学习\高级node\nodejs-gaoji-\leasson8\sd-egg\node_modules\egg-multipart\app\schedule\clean_tmpdir.js
2019-10-16 20:12:52,333 INFO 13176 [egg-schedule]: register schedule D:\学习\高级node\nodejs-gaoji-\leasson8\sd-egg\node_modules\egg-logrotator\app\schedule\clean_log.js
2019-10-16 20:12:52,333 INFO 13176 [egg-schedule]: register schedule D:\学习\高级node\nodejs-gaoji-\leasson8\sd-egg\node_modules\egg-logrotator\app\schedule\rotate_by_file.js
2019-10-16 20:12:56,597 INFO 3852 [egg-schedule]: register schedule D:\学习\高级node\nodejs-gaoji-\leasson8\sd-egg\node_modules\egg-multipart\app\schedule\clean_tmpdir.js
2019-10-16 20:12:56,597 INFO 3852 [egg-schedule]: register schedule D:\学习\高级node\nodejs-gaoji-\leasson8\sd-egg\node_modules\egg-logrotator\app\schedule\clean_log.js
2019-10-16 20:12:56,597 INFO 3852 [egg-schedule]: register schedule D:\学习\高级node\nodejs-gaoji-\leasson8\sd-egg\node_modules\egg-logrotator\app\schedule\rotate_by_file.js
2019-10-16 20:13:16,269 INFO 11660 [egg-schedule]: register schedule D:\学习\高级node\nodejs-gaoji-\leasson8\sd-egg\node_modules\egg-multipart\app\schedule\clean_tmpdir.js
2019-10-16 20:13:16,269 INFO 11660 [egg-schedule]: register schedule D:\学习\高级node\nodejs-gaoji-\leasson8\sd-egg\node_modules\egg-logrotator\app\schedule\clean_log.js
2019-10-16 20:13:16,269 INFO 11660 [egg-schedule]: register schedule D:\学习\高级node\nodejs-gaoji-\leasson8\sd-egg\node_modules\egg-logrotator\app\schedule\rotate_by_file.js
2019-10-16 20:13:17,681 INFO 15132 [egg-schedule]: register schedule D:\学习\高级node\nodejs-gaoji-\leasson8\sd-egg\node_modules\egg-multipart\app\schedule\clean_tmpdir.js
2019-10-16 20:13:17,681 INFO 15132 [egg-schedule]: register schedule D:\学习\高级node\nodejs-gaoji-\leasson8\sd-egg\node_modules\egg-logrotator\app\schedule\clean_log.js
2019-10-16 20:13:17,681 INFO 15132 [egg-schedule]: register schedule D:\学习\高级node\nodejs-gaoji-\leasson8\sd-egg\node_modules\egg-logrotator\app\schedule\rotate_by_file.js
2019-10-16 20:42:53,611 INFO 17260 [egg-schedule]: register schedule D:\学习\高级node\nodejs-gaoji-\leasson8\sd-egg\node_modules\egg-multipart\app\schedule\clean_tmpdir.js
2019-10-16 20:42:53,611 INFO 17260 [egg-schedule]: register schedule D:\学习\高级node\nodejs-gaoji-\leasson8\sd-egg\node_modules\egg-logrotator\app\schedule\clean_log.js
2019-10-16 20:42:53,611 INFO 17260 [egg-schedule]: register schedule D:\学习\高级node\nodejs-gaoji-\leasson8\sd-egg\node_modules\egg-logrotator\app\schedule\rotate_by_file.js
2019-10-16 20:42:55,017 INFO 12052 [egg-schedule]: register schedule D:\学习\高级node\nodejs-gaoji-\leasson8\sd-egg\node_modules\egg-multipart\app\schedule\clean_tmpdir.js
2019-10-16 20:42:55,017 INFO 12052 [egg-schedule]: register schedule D:\学习\高级node\nodejs-gaoji-\leasson8\sd-egg\node_modules\egg-logrotator\app\schedule\clean_log.js
2019-10-16 20:42:55,017 INFO 12052 [egg-schedule]: register schedule D:\学习\高级node\nodejs-gaoji-\leasson8\sd-egg\node_modules\egg-logrotator\app\schedule\rotate_by_file.js
2019-10-16 20:43:15,215 INFO 192 [egg-schedule]: register schedule D:\学习\高级node\nodejs-gaoji-\leasson8\sd-egg\node_modules\egg-multipart\app\schedule\clean_tmpdir.js
2019-10-16 20:43:15,215 INFO 192 [egg-schedule]: register schedule D:\学习\高级node\nodejs-gaoji-\leasson8\sd-egg\node_modules\egg-logrotator\app\schedule\clean_log.js
2019-10-16 20:43:15,215 INFO 192 [egg-schedule]: register schedule D:\学习\高级node\nodejs-gaoji-\leasson8\sd-egg\node_modules\egg-logrotator\app\schedule\rotate_by_file.js
2019-10-16 20:43:24,753 INFO 7276 [egg-schedule]: register schedule D:\学习\高级node\nodejs-gaoji-\leasson8\sd-egg\node_modules\egg-multipart\app\schedule\clean_tmpdir.js
2019-10-16 20:43:24,753 INFO 7276 [egg-schedule]: register schedule D:\学习\高级node\nodejs-gaoji-\leasson8\sd-egg\node_modules\egg-logrotator\app\schedule\clean_log.js
2019-10-16 20:43:24,753 INFO 7276 [egg-schedule]: register schedule D:\学习\高级node\nodejs-gaoji-\leasson8\sd-egg\node_modules\egg-logrotator\app\schedule\rotate_by_file.js
2019-10-16 20:43:28,611 INFO 4572 [egg-schedule]: register schedule D:\学习\高级node\nodejs-gaoji-\leasson8\sd-egg\node_modules\egg-multipart\app\schedule\clean_tmpdir.js
2019-10-16 20:43:28,611 INFO 4572 [egg-schedule]: register schedule D:\学习\高级node\nodejs-gaoji-\leasson8\sd-egg\node_modules\egg-logrotator\app\schedule\clean_log.js
2019-10-16 20:43:28,611 INFO 4572 [egg-schedule]: register schedule D:\学习\高级node\nodejs-gaoji-\leasson8\sd-egg\node_modules\egg-logrotator\app\schedule\rotate_by_file.js
2019-10-16 20:43:30,212 INFO 11276 [egg-schedule]: register schedule D:\学习\高级node\nodejs-gaoji-\leasson8\sd-egg\node_modules\egg-multipart\app\schedule\clean_tmpdir.js
2019-10-16 20:43:30,212 INFO 11276 [egg-schedule]: register schedule D:\学习\高级node\nodejs-gaoji-\leasson8\sd-egg\node_modules\egg-logrotator\app\schedule\clean_log.js
2019-10-16 20:43:30,212 INFO 11276 [egg-schedule]: register schedule D:\学习\高级node\nodejs-gaoji-\leasson8\sd-egg\node_modules\egg-logrotator\app\schedule\rotate_by_file.js
2019-10-16 20:43:32,276 INFO 10124 [egg-schedule]: register schedule D:\学习\高级node\nodejs-gaoji-\leasson8\sd-egg\node_modules\egg-multipart\app\schedule\clean_tmpdir.js
2019-10-16 20:43:32,276 INFO 10124 [egg-schedule]: register schedule D:\学习\高级node\nodejs-gaoji-\leasson8\sd-egg\node_modules\egg-logrotator\app\schedule\clean_log.js
2019-10-16 20:43:32,276 INFO 10124 [egg-schedule]: register schedule D:\学习\高级node\nodejs-gaoji-\leasson8\sd-egg\node_modules\egg-logrotator\app\schedule\rotate_by_file.js
2019-10-16 20:43:34,854 INFO 7932 [egg-schedule]: register schedule D:\学习\高级node\nodejs-gaoji-\leasson8\sd-egg\node_modules\egg-multipart\app\schedule\clean_tmpdir.js
2019-10-16 20:43:34,854 INFO 7932 [egg-schedule]: register schedule D:\学习\高级node\nodejs-gaoji-\leasson8\sd-egg\node_modules\egg-logrotator\app\schedule\clean_log.js
2019-10-16 20:43:34,854 INFO 7932 [egg-schedule]: register schedule D:\学习\高级node\nodejs-gaoji-\leasson8\sd-egg\node_modules\egg-logrotator\app\schedule\rotate_by_file.js
2019-10-16 20:43:37,354 INFO 6424 [egg-schedule]: register schedule D:\学习\高级node\nodejs-gaoji-\leasson8\sd-egg\node_modules\egg-multipart\app\schedule\clean_tmpdir.js
2019-10-16 20:43:37,354 INFO 6424 [egg-schedule]: register schedule D:\学习\高级node\nodejs-gaoji-\leasson8\sd-egg\node_modules\egg-logrotator\app\schedule\clean_log.js
2019-10-16 20:43:37,354 INFO 6424 [egg-schedule]: register schedule D:\学习\高级node\nodejs-gaoji-\leasson8\sd-egg\node_modules\egg-logrotator\app\schedule\rotate_by_file.js
2019-10-16 20:43:38,915 INFO 17380 [egg-schedule]: register schedule D:\学习\高级node\nodejs-gaoji-\leasson8\sd-egg\node_modules\egg-multipart\app\schedule\clean_tmpdir.js
2019-10-16 20:43:38,915 INFO 17380 [egg-schedule]: register schedule D:\学习\高级node\nodejs-gaoji-\leasson8\sd-egg\node_modules\egg-logrotator\app\schedule\clean_log.js
2019-10-16 20:43:38,915 INFO 17380 [egg-schedule]: register schedule D:\学习\高级node\nodejs-gaoji-\leasson8\sd-egg\node_modules\egg-logrotator\app\schedule\rotate_by_file.js
2019-10-16 20:43:39,777 INFO 15508 [egg-schedule]: register schedule D:\学习\高级node\nodejs-gaoji-\leasson8\sd-egg\node_modules\egg-multipart\app\schedule\clean_tmpdir.js
2019-10-16 20:43:39,777 INFO 15508 [egg-schedule]: register schedule D:\学习\高级node\nodejs-gaoji-\leasson8\sd-egg\node_modules\egg-logrotator\app\schedule\clean_log.js
2019-10-16 20:43:39,777 INFO 15508 [egg-schedule]: register schedule D:\学习\高级node\nodejs-gaoji-\leasson8\sd-egg\node_modules\egg-logrotator\app\schedule\rotate_by_file.js
2019-10-16 20:43:41,628 INFO 12980 [egg-schedule]: register schedule D:\学习\高级node\nodejs-gaoji-\leasson8\sd-egg\node_modules\egg-multipart\app\schedule\clean_tmpdir.js
2019-10-16 20:43:41,628 INFO 12980 [egg-schedule]: register schedule D:\学习\高级node\nodejs-gaoji-\leasson8\sd-egg\node_modules\egg-logrotator\app\schedule\clean_log.js
2019-10-16 20:43:41,628 INFO 12980 [egg-schedule]: register schedule D:\学习\高级node\nodejs-gaoji-\leasson8\sd-egg\node_modules\egg-logrotator\app\schedule\rotate_by_file.js
2019-10-17 09:52:39,816 INFO 15768 [egg-schedule]: register schedule D:\学习\高级node\nodejs-gaoji-\leasson8\sd-egg\node_modules\egg-multipart\app\schedule\clean_tmpdir.js
2019-10-17 09:52:39,817 INFO 15768 [egg-schedule]: register schedule D:\学习\高级node\nodejs-gaoji-\leasson8\sd-egg\node_modules\egg-logrotator\app\schedule\clean_log.js
2019-10-17 09:52:39,817 INFO 15768 [egg-schedule]: register schedule D:\学习\高级node\nodejs-gaoji-\leasson8\sd-egg\node_modules\egg-logrotator\app\schedule\rotate_by_file.js
2019-10-17 09:52:41,042 INFO 10776 [Timer] D:\学习\高级node\nodejs-gaoji-\leasson8\sd-egg\node_modules\egg-multipart\app\schedule\clean_tmpdir.js next time will execute after 67038961ms at 2019-10-18 04:30:00.003
2019-10-17 09:52:41,043 INFO 10776 [Timer] D:\学习\高级node\nodejs-gaoji-\leasson8\sd-egg\node_modules\egg-logrotator\app\schedule\clean_log.js next time will execute after 50838958ms at 2019-10-18 00:00:00.001
2019-10-17 09:52:41,043 INFO 10776 [Timer] D:\学习\高级node\nodejs-gaoji-\leasson8\sd-egg\node_modules\egg-logrotator\app\schedule\rotate_by_file.js next time will execute after 50839957ms at 2019-10-18 00:00:01.000
2019-10-17 09:54:27,102 INFO 9564 [egg-schedule]: register schedule D:\学习\高级node\nodejs-gaoji-\leasson8\sd-egg\node_modules\egg-multipart\app\schedule\clean_tmpdir.js
2019-10-17 09:54:27,102 INFO 9564 [egg-schedule]: register schedule D:\学习\高级node\nodejs-gaoji-\leasson8\sd-egg\node_modules\egg-logrotator\app\schedule\clean_log.js
2019-10-17 09:54:27,102 INFO 9564 [egg-schedule]: register schedule D:\学习\高级node\nodejs-gaoji-\leasson8\sd-egg\node_modules\egg-logrotator\app\schedule\rotate_by_file.js
2019-10-17 09:54:41,181 INFO 252 [egg-schedule]: register schedule D:\学习\高级node\nodejs-gaoji-\leasson8\sd-egg\node_modules\egg-multipart\app\schedule\clean_tmpdir.js
2019-10-17 09:54:41,181 INFO 252 [egg-schedule]: register schedule D:\学习\高级node\nodejs-gaoji-\leasson8\sd-egg\node_modules\egg-logrotator\app\schedule\clean_log.js
2019-10-17 09:54:41,181 INFO 252 [egg-schedule]: register schedule D:\学习\高级node\nodejs-gaoji-\leasson8\sd-egg\node_modules\egg-logrotator\app\schedule\rotate_by_file.js
2019-10-17 09:54:49,550 INFO 3868 [egg-schedule]: register schedule D:\学习\高级node\nodejs-gaoji-\leasson8\sd-egg\node_modules\egg-multipart\app\schedule\clean_tmpdir.js
2019-10-17 09:54:49,550 INFO 3868 [egg-schedule]: register schedule D:\学习\高级node\nodejs-gaoji-\leasson8\sd-egg\node_modules\egg-logrotator\app\schedule\clean_log.js
2019-10-17 09:54:49,550 INFO 3868 [egg-schedule]: register schedule D:\学习\高级node\nodejs-gaoji-\leasson8\sd-egg\node_modules\egg-logrotator\app\schedule\rotate_by_file.js
2019-10-17 09:56:03,180 INFO 12856 [egg-schedule]: register schedule D:\学习\高级node\nodejs-gaoji-\leasson8\sd-egg\node_modules\egg-multipart\app\schedule\clean_tmpdir.js
2019-10-17 09:56:03,180 INFO 12856 [egg-schedule]: register schedule D:\学习\高级node\nodejs-gaoji-\leasson8\sd-egg\node_modules\egg-logrotator\app\schedule\clean_log.js
2019-10-17 09:56:03,180 INFO 12856 [egg-schedule]: register schedule D:\学习\高级node\nodejs-gaoji-\leasson8\sd-egg\node_modules\egg-logrotator\app\schedule\rotate_by_file.js
2019-10-17 09:57:17,649 INFO 6572 [egg-schedule]: register schedule D:\学习\高级node\nodejs-gaoji-\leasson8\sd-egg\node_modules\egg-multipart\app\schedule\clean_tmpdir.js
2019-10-17 09:57:17,649 INFO 6572 [egg-schedule]: register schedule D:\学习\高级node\nodejs-gaoji-\leasson8\sd-egg\node_modules\egg-logrotator\app\schedule\clean_log.js
2019-10-17 09:57:17,649 INFO 6572 [egg-schedule]: register schedule D:\学习\高级node\nodejs-gaoji-\leasson8\sd-egg\node_modules\egg-logrotator\app\schedule\rotate_by_file.js
2019-10-17 09:58:10,025 INFO 12256 [egg-schedule]: register schedule D:\学习\高级node\nodejs-gaoji-\leasson8\sd-egg\node_modules\egg-multipart\app\schedule\clean_tmpdir.js
2019-10-17 09:58:10,025 INFO 12256 [egg-schedule]: register schedule D:\学习\高级node\nodejs-gaoji-\leasson8\sd-egg\node_modules\egg-logrotator\app\schedule\clean_log.js
2019-10-17 09:58:10,025 INFO 12256 [egg-schedule]: register schedule D:\学习\高级node\nodejs-gaoji-\leasson8\sd-egg\node_modules\egg-logrotator\app\schedule\rotate_by_file.js
2019-10-17 09:58:50,168 INFO 10336 [egg-schedule]: register schedule D:\学习\高级node\nodejs-gaoji-\leasson8\sd-egg\node_modules\egg-multipart\app\schedule\clean_tmpdir.js
2019-10-17 09:58:50,168 INFO 10336 [egg-schedule]: register schedule D:\学习\高级node\nodejs-gaoji-\leasson8\sd-egg\node_modules\egg-logrotator\app\schedule\clean_log.js
2019-10-17 09:58:50,168 INFO 10336 [egg-schedule]: register schedule D:\学习\高级node\nodejs-gaoji-\leasson8\sd-egg\node_modules\egg-logrotator\app\schedule\rotate_by_file.js
2019-10-17 09:58:52,167 INFO 9572 [egg-schedule]: register schedule D:\学习\高级node\nodejs-gaoji-\leasson8\sd-egg\node_modules\egg-multipart\app\schedule\clean_tmpdir.js
2019-10-17 09:58:52,167 INFO 9572 [egg-schedule]: register schedule D:\学习\高级node\nodejs-gaoji-\leasson8\sd-egg\node_modules\egg-logrotator\app\schedule\clean_log.js
2019-10-17 09:58:52,167 INFO 9572 [egg-schedule]: register schedule D:\学习\高级node\nodejs-gaoji-\leasson8\sd-egg\node_modules\egg-logrotator\app\schedule\rotate_by_file.js
2019-10-17 09:58:54,913 INFO 8508 [egg-schedule]: register schedule D:\学习\高级node\nodejs-gaoji-\leasson8\sd-egg\node_modules\egg-multipart\app\schedule\clean_tmpdir.js
2019-10-17 09:58:54,913 INFO 8508 [egg-schedule]: register schedule D:\学习\高级node\nodejs-gaoji-\leasson8\sd-egg\node_modules\egg-logrotator\app\schedule\clean_log.js
2019-10-17 09:58:54,913 INFO 8508 [egg-schedule]: register schedule D:\学习\高级node\nodejs-gaoji-\leasson8\sd-egg\node_modules\egg-logrotator\app\schedule\rotate_by_file.js
2019-10-17 09:58:56,012 INFO 9964 [egg-schedule]: register schedule D:\学习\高级node\nodejs-gaoji-\leasson8\sd-egg\node_modules\egg-multipart\app\schedule\clean_tmpdir.js
2019-10-17 09:58:56,012 INFO 9964 [egg-schedule]: register schedule D:\学习\高级node\nodejs-gaoji-\leasson8\sd-egg\node_modules\egg-logrotator\app\schedule\clean_log.js
2019-10-17 09:58:56,012 INFO 9964 [egg-schedule]: register schedule D:\学习\高级node\nodejs-gaoji-\leasson8\sd-egg\node_modules\egg-logrotator\app\schedule\rotate_by_file.js
2019-10-17 09:58:57,921 INFO 5304 [egg-schedule]: register schedule D:\学习\高级node\nodejs-gaoji-\leasson8\sd-egg\node_modules\egg-multipart\app\schedule\clean_tmpdir.js
2019-10-17 09:58:57,921 INFO 5304 [egg-schedule]: register schedule D:\学习\高级node\nodejs-gaoji-\leasson8\sd-egg\node_modules\egg-logrotator\app\schedule\clean_log.js
2019-10-17 09:58:57,921 INFO 5304 [egg-schedule]: register schedule D:\学习\高级node\nodejs-gaoji-\leasson8\sd-egg\node_modules\egg-logrotator\app\schedule\rotate_by_file.js
2019-10-17 09:59:04,312 INFO 4692 [egg-schedule]: register schedule D:\学习\高级node\nodejs-gaoji-\leasson8\sd-egg\node_modules\egg-multipart\app\schedule\clean_tmpdir.js
2019-10-17 09:59:04,312 INFO 4692 [egg-schedule]: register schedule D:\学习\高级node\nodejs-gaoji-\leasson8\sd-egg\node_modules\egg-logrotator\app\schedule\clean_log.js
2019-10-17 09:59:04,312 INFO 4692 [egg-schedule]: register schedule D:\学习\高级node\nodejs-gaoji-\leasson8\sd-egg\node_modules\egg-logrotator\app\schedule\rotate_by_file.js
2019-10-17 09:59:14,697 INFO 12728 [egg-schedule]: register schedule D:\学习\高级node\nodejs-gaoji-\leasson8\sd-egg\node_modules\egg-multipart\app\schedule\clean_tmpdir.js
2019-10-17 09:59:14,697 INFO 12728 [egg-schedule]: register schedule D:\学习\高级node\nodejs-gaoji-\leasson8\sd-egg\node_modules\egg-logrotator\app\schedule\clean_log.js
2019-10-17 09:59:14,697 INFO 12728 [egg-schedule]: register schedule D:\学习\高级node\nodejs-gaoji-\leasson8\sd-egg\node_modules\egg-logrotator\app\schedule\rotate_by_file.js
2019-10-17 09:59:32,706 INFO 2788 [egg-schedule]: register schedule D:\学习\高级node\nodejs-gaoji-\leasson8\sd-egg\node_modules\egg-multipart\app\schedule\clean_tmpdir.js
2019-10-17 09:59:32,706 INFO 2788 [egg-schedule]: register schedule D:\学习\高级node\nodejs-gaoji-\leasson8\sd-egg\node_modules\egg-logrotator\app\schedule\clean_log.js
2019-10-17 09:59:32,706 INFO 2788 [egg-schedule]: register schedule D:\学习\高级node\nodejs-gaoji-\leasson8\sd-egg\node_modules\egg-logrotator\app\schedule\rotate_by_file.js
2019-10-17 09:59:33,769 INFO 14432 [egg-schedule]: register schedule D:\学习\高级node\nodejs-gaoji-\leasson8\sd-egg\node_modules\egg-multipart\app\schedule\clean_tmpdir.js
2019-10-17 09:59:33,769 INFO 14432 [egg-schedule]: register schedule D:\学习\高级node\nodejs-gaoji-\leasson8\sd-egg\node_modules\egg-logrotator\app\schedule\clean_log.js
2019-10-17 09:59:33,769 INFO 14432 [egg-schedule]: register schedule D:\学习\高级node\nodejs-gaoji-\leasson8\sd-egg\node_modules\egg-logrotator\app\schedule\rotate_by_file.js
2019-10-17 09:59:37,548 INFO 15276 [egg-schedule]: register schedule D:\学习\高级node\nodejs-gaoji-\leasson8\sd-egg\node_modules\egg-multipart\app\schedule\clean_tmpdir.js
2019-10-17 09:59:37,548 INFO 15276 [egg-schedule]: register schedule D:\学习\高级node\nodejs-gaoji-\leasson8\sd-egg\node_modules\egg-logrotator\app\schedule\clean_log.js
2019-10-17 09:59:37,548 INFO 15276 [egg-schedule]: register schedule D:\学习\高级node\nodejs-gaoji-\leasson8\sd-egg\node_modules\egg-logrotator\app\schedule\rotate_by_file.js
2019-10-17 09:59:41,900 INFO 14456 [egg-schedule]: register schedule D:\学习\高级node\nodejs-gaoji-\leasson8\sd-egg\node_modules\egg-multipart\app\schedule\clean_tmpdir.js
2019-10-17 09:59:41,900 INFO 14456 [egg-schedule]: register schedule D:\学习\高级node\nodejs-gaoji-\leasson8\sd-egg\node_modules\egg-logrotator\app\schedule\clean_log.js
2019-10-17 09:59:41,900 INFO 14456 [egg-schedule]: register schedule D:\学习\高级node\nodejs-gaoji-\leasson8\sd-egg\node_modules\egg-logrotator\app\schedule\rotate_by_file.js
2019-10-17 09:59:43,404 INFO 14112 [egg-schedule]: register schedule D:\学习\高级node\nodejs-gaoji-\leasson8\sd-egg\node_modules\egg-multipart\app\schedule\clean_tmpdir.js
2019-10-17 09:59:43,404 INFO 14112 [egg-schedule]: register schedule D:\学习\高级node\nodejs-gaoji-\leasson8\sd-egg\node_modules\egg-logrotator\app\schedule\clean_log.js
2019-10-17 09:59:43,404 INFO 14112 [egg-schedule]: register schedule D:\学习\高级node\nodejs-gaoji-\leasson8\sd-egg\node_modules\egg-logrotator\app\schedule\rotate_by_file.js
2019-10-17 09:59:45,377 INFO 16088 [egg-schedule]: register schedule D:\学习\高级node\nodejs-gaoji-\leasson8\sd-egg\node_modules\egg-multipart\app\schedule\clean_tmpdir.js
2019-10-17 09:59:45,377 INFO 16088 [egg-schedule]: register schedule D:\学习\高级node\nodejs-gaoji-\leasson8\sd-egg\node_modules\egg-logrotator\app\schedule\clean_log.js
2019-10-17 09:59:45,377 INFO 16088 [egg-schedule]: register schedule D:\学习\高级node\nodejs-gaoji-\leasson8\sd-egg\node_modules\egg-logrotator\app\schedule\rotate_by_file.js
2019-10-17 10:00:17,024 INFO 12572 [egg-schedule]: register schedule D:\学习\高级node\nodejs-gaoji-\leasson8\sd-egg\node_modules\egg-multipart\app\schedule\clean_tmpdir.js
2019-10-17 10:00:17,024 INFO 12572 [egg-schedule]: register schedule D:\学习\高级node\nodejs-gaoji-\leasson8\sd-egg\node_modules\egg-logrotator\app\schedule\clean_log.js
2019-10-17 10:00:17,024 INFO 12572 [egg-schedule]: register schedule D:\学习\高级node\nodejs-gaoji-\leasson8\sd-egg\node_modules\egg-logrotator\app\schedule\rotate_by_file.js
2019-10-17 10:00:19,072 INFO 9736 [egg-schedule]: register schedule D:\学习\高级node\nodejs-gaoji-\leasson8\sd-egg\node_modules\egg-multipart\app\schedule\clean_tmpdir.js
2019-10-17 10:00:19,072 INFO 9736 [egg-schedule]: register schedule D:\学习\高级node\nodejs-gaoji-\leasson8\sd-egg\node_modules\egg-logrotator\app\schedule\clean_log.js
2019-10-17 10:00:19,072 INFO 9736 [egg-schedule]: register schedule D:\学习\高级node\nodejs-gaoji-\leasson8\sd-egg\node_modules\egg-logrotator\app\schedule\rotate_by_file.js
2019-10-17 10:00:29,678 INFO 12880 [egg-schedule]: register schedule D:\学习\高级node\nodejs-gaoji-\leasson8\sd-egg\node_modules\egg-multipart\app\schedule\clean_tmpdir.js
2019-10-17 10:00:29,678 INFO 12880 [egg-schedule]: register schedule D:\学习\高级node\nodejs-gaoji-\leasson8\sd-egg\node_modules\egg-logrotator\app\schedule\clean_log.js
2019-10-17 10:00:29,678 INFO 12880 [egg-schedule]: register schedule D:\学习\高级node\nodejs-gaoji-\leasson8\sd-egg\node_modules\egg-logrotator\app\schedule\rotate_by_file.js
2019-10-17 10:00:34,056 INFO 8332 [egg-schedule]: register schedule D:\学习\高级node\nodejs-gaoji-\leasson8\sd-egg\node_modules\egg-multipart\app\schedule\clean_tmpdir.js
2019-10-17 10:00:34,056 INFO 8332 [egg-schedule]: register schedule D:\学习\高级node\nodejs-gaoji-\leasson8\sd-egg\node_modules\egg-logrotator\app\schedule\clean_log.js
2019-10-17 10:00:34,056 INFO 8332 [egg-schedule]: register schedule D:\学习\高级node\nodejs-gaoji-\leasson8\sd-egg\node_modules\egg-logrotator\app\schedule\rotate_by_file.js
2019-10-17 10:00:35,158 INFO 128 [egg-schedule]: register schedule D:\学习\高级node\nodejs-gaoji-\leasson8\sd-egg\node_modules\egg-multipart\app\schedule\clean_tmpdir.js
2019-10-17 10:00:35,158 INFO 128 [egg-schedule]: register schedule D:\学习\高级node\nodejs-gaoji-\leasson8\sd-egg\node_modules\egg-logrotator\app\schedule\clean_log.js
2019-10-17 10:00:35,158 INFO 128 [egg-schedule]: register schedule D:\学习\高级node\nodejs-gaoji-\leasson8\sd-egg\node_modules\egg-logrotator\app\schedule\rotate_by_file.js
2019-10-17 10:00:37,372 INFO 17232 [egg-schedule]: register schedule D:\学习\高级node\nodejs-gaoji-\leasson8\sd-egg\node_modules\egg-multipart\app\schedule\clean_tmpdir.js
2019-10-17 10:00:37,372 INFO 17232 [egg-schedule]: register schedule D:\学习\高级node\nodejs-gaoji-\leasson8\sd-egg\node_modules\egg-logrotator\app\schedule\clean_log.js
2019-10-17 10:00:37,372 INFO 17232 [egg-schedule]: register schedule D:\学习\高级node\nodejs-gaoji-\leasson8\sd-egg\node_modules\egg-logrotator\app\schedule\rotate_by_file.js
2019-10-17 10:01:25,802 INFO 13768 [egg-schedule]: register schedule D:\学习\高级node\nodejs-gaoji-\leasson8\sd-egg\node_modules\egg-multipart\app\schedule\clean_tmpdir.js
2019-10-17 10:01:25,802 INFO 13768 [egg-schedule]: register schedule D:\学习\高级node\nodejs-gaoji-\leasson8\sd-egg\node_modules\egg-logrotator\app\schedule\clean_log.js
2019-10-17 10:01:25,802 INFO 13768 [egg-schedule]: register schedule D:\学习\高级node\nodejs-gaoji-\leasson8\sd-egg\node_modules\egg-logrotator\app\schedule\rotate_by_file.js
2019-10-17 10:01:44,862 INFO 7652 [egg-schedule]: register schedule D:\学习\高级node\nodejs-gaoji-\leasson8\sd-egg\node_modules\egg-multipart\app\schedule\clean_tmpdir.js
2019-10-17 10:01:44,863 INFO 7652 [egg-schedule]: register schedule D:\学习\高级node\nodejs-gaoji-\leasson8\sd-egg\node_modules\egg-logrotator\app\schedule\clean_log.js
2019-10-17 10:01:44,863 INFO 7652 [egg-schedule]: register schedule D:\学习\高级node\nodejs-gaoji-\leasson8\sd-egg\node_modules\egg-logrotator\app\schedule\rotate_by_file.js
2019-10-17 10:02:05,362 INFO 6468 [egg-schedule]: register schedule D:\学习\高级node\nodejs-gaoji-\leasson8\sd-egg\node_modules\egg-multipart\app\schedule\clean_tmpdir.js
2019-10-17 10:02:05,362 INFO 6468 [egg-schedule]: register schedule D:\学习\高级node\nodejs-gaoji-\leasson8\sd-egg\node_modules\egg-logrotator\app\schedule\clean_log.js
2019-10-17 10:02:05,362 INFO 6468 [egg-schedule]: register schedule D:\学习\高级node\nodejs-gaoji-\leasson8\sd-egg\node_modules\egg-logrotator\app\schedule\rotate_by_file.js
2019-10-17 10:02:13,545 INFO 13628 [egg-schedule]: register schedule D:\学习\高级node\nodejs-gaoji-\leasson8\sd-egg\node_modules\egg-multipart\app\schedule\clean_tmpdir.js
2019-10-17 10:02:13,545 INFO 13628 [egg-schedule]: register schedule D:\学习\高级node\nodejs-gaoji-\leasson8\sd-egg\node_modules\egg-logrotator\app\schedule\clean_log.js
2019-10-17 10:02:13,545 INFO 13628 [egg-schedule]: register schedule D:\学习\高级node\nodejs-gaoji-\leasson8\sd-egg\node_modules\egg-logrotator\app\schedule\rotate_by_file.js
2019-10-17 10:02:14,896 INFO 12012 [egg-schedule]: register schedule D:\学习\高级node\nodejs-gaoji-\leasson8\sd-egg\node_modules\egg-multipart\app\schedule\clean_tmpdir.js
2019-10-17 10:02:14,896 INFO 12012 [egg-schedule]: register schedule D:\学习\高级node\nodejs-gaoji-\leasson8\sd-egg\node_modules\egg-logrotator\app\schedule\clean_log.js
2019-10-17 10:02:14,896 INFO 12012 [egg-schedule]: register schedule D:\学习\高级node\nodejs-gaoji-\leasson8\sd-egg\node_modules\egg-logrotator\app\schedule\rotate_by_file.js
2019-10-17 10:02:25,392 INFO 11988 [egg-schedule]: register schedule D:\学习\高级node\nodejs-gaoji-\leasson8\sd-egg\node_modules\egg-multipart\app\schedule\clean_tmpdir.js
2019-10-17 10:02:25,392 INFO 11988 [egg-schedule]: register schedule D:\学习\高级node\nodejs-gaoji-\leasson8\sd-egg\node_modules\egg-logrotator\app\schedule\clean_log.js
2019-10-17 10:02:25,392 INFO 11988 [egg-schedule]: register schedule D:\学习\高级node\nodejs-gaoji-\leasson8\sd-egg\node_modules\egg-logrotator\app\schedule\rotate_by_file.js
2019-10-17 10:02:27,481 INFO 10168 [egg-schedule]: register schedule D:\学习\高级node\nodejs-gaoji-\leasson8\sd-egg\node_modules\egg-multipart\app\schedule\clean_tmpdir.js
2019-10-17 10:02:27,481 INFO 10168 [egg-schedule]: register schedule D:\学习\高级node\nodejs-gaoji-\leasson8\sd-egg\node_modules\egg-logrotator\app\schedule\clean_log.js
2019-10-17 10:02:27,481 INFO 10168 [egg-schedule]: register schedule D:\学习\高级node\nodejs-gaoji-\leasson8\sd-egg\node_modules\egg-logrotator\app\schedule\rotate_by_file.js
2019-10-17 10:02:47,455 INFO 15464 [egg-schedule]: register schedule D:\学习\高级node\nodejs-gaoji-\leasson8\sd-egg\node_modules\egg-multipart\app\schedule\clean_tmpdir.js
2019-10-17 10:02:47,455 INFO 15464 [egg-schedule]: register schedule D:\学习\高级node\nodejs-gaoji-\leasson8\sd-egg\node_modules\egg-logrotator\app\schedule\clean_log.js
2019-10-17 10:02:47,455 INFO 15464 [egg-schedule]: register schedule D:\学习\高级node\nodejs-gaoji-\leasson8\sd-egg\node_modules\egg-logrotator\app\schedule\rotate_by_file.js
2019-10-17 10:02:49,815 INFO 10588 [egg-schedule]: register schedule D:\学习\高级node\nodejs-gaoji-\leasson8\sd-egg\node_modules\egg-multipart\app\schedule\clean_tmpdir.js
2019-10-17 10:02:49,815 INFO 10588 [egg-schedule]: register schedule D:\学习\高级node\nodejs-gaoji-\leasson8\sd-egg\node_modules\egg-logrotator\app\schedule\clean_log.js
2019-10-17 10:02:49,815 INFO 10588 [egg-schedule]: register schedule D:\学习\高级node\nodejs-gaoji-\leasson8\sd-egg\node_modules\egg-logrotator\app\schedule\rotate_by_file.js
2019-10-17 10:02:51,531 INFO 17232 [egg-schedule]: register schedule D:\学习\高级node\nodejs-gaoji-\leasson8\sd-egg\node_modules\egg-multipart\app\schedule\clean_tmpdir.js
2019-10-17 10:02:51,532 INFO 17232 [egg-schedule]: register schedule D:\学习\高级node\nodejs-gaoji-\leasson8\sd-egg\node_modules\egg-logrotator\app\schedule\clean_log.js
2019-10-17 10:02:51,532 INFO 17232 [egg-schedule]: register schedule D:\学习\高级node\nodejs-gaoji-\leasson8\sd-egg\node_modules\egg-logrotator\app\schedule\rotate_by_file.js
2019-10-17 10:07:54,156 INFO 452 [egg-schedule]: register schedule D:\学习\高级node\nodejs-gaoji-\leasson8\sd-egg\node_modules\egg-multipart\app\schedule\clean_tmpdir.js
2019-10-17 10:07:54,156 INFO 452 [egg-schedule]: register schedule D:\学习\高级node\nodejs-gaoji-\leasson8\sd-egg\node_modules\egg-logrotator\app\schedule\clean_log.js
2019-10-17 10:07:54,156 INFO 452 [egg-schedule]: register schedule D:\学习\高级node\nodejs-gaoji-\leasson8\sd-egg\node_modules\egg-logrotator\app\schedule\rotate_by_file.js
2019-10-17 10:07:54,330 INFO 5300 [Timer] D:\学习\高级node\nodejs-gaoji-\leasson8\sd-egg\node_modules\egg-multipart\app\schedule\clean_tmpdir.js next time will execute after 66125674ms at 2019-10-18 04:30:00.004
2019-10-17 10:07:54,330 INFO 5300 [Timer] D:\学习\高级node\nodejs-gaoji-\leasson8\sd-egg\node_modules\egg-logrotator\app\schedule\clean_log.js next time will execute after 49925670ms at 2019-10-18 00:00:00.000
2019-10-17 10:07:54,330 INFO 5300 [Timer] D:\学习\高级node\nodejs-gaoji-\leasson8\sd-egg\node_modules\egg-logrotator\app\schedule\rotate_by_file.js next time will execute after 49926670ms at 2019-10-18 00:00:01.000
2019-10-17 10:08:36,626 INFO 16460 [egg-schedule]: register schedule D:\学习\高级node\nodejs-gaoji-\leasson8\sd-egg\node_modules\egg-multipart\app\schedule\clean_tmpdir.js
2019-10-17 10:08:36,626 INFO 16460 [egg-schedule]: register schedule D:\学习\高级node\nodejs-gaoji-\leasson8\sd-egg\node_modules\egg-logrotator\app\schedule\clean_log.js
2019-10-17 10:08:36,626 INFO 16460 [egg-schedule]: register schedule D:\学习\高级node\nodejs-gaoji-\leasson8\sd-egg\node_modules\egg-logrotator\app\schedule\rotate_by_file.js
2019-10-17 10:08:42,841 INFO 4620 [egg-schedule]: register schedule D:\学习\高级node\nodejs-gaoji-\leasson8\sd-egg\node_modules\egg-multipart\app\schedule\clean_tmpdir.js
2019-10-17 10:08:42,841 INFO 4620 [egg-schedule]: register schedule D:\学习\高级node\nodejs-gaoji-\leasson8\sd-egg\node_modules\egg-logrotator\app\schedule\clean_log.js
2019-10-17 10:08:42,841 INFO 4620 [egg-schedule]: register schedule D:\学习\高级node\nodejs-gaoji-\leasson8\sd-egg\node_modules\egg-logrotator\app\schedule\rotate_by_file.js
2019-10-17 10:08:45,735 INFO 11992 [egg-schedule]: register schedule D:\学习\高级node\nodejs-gaoji-\leasson8\sd-egg\node_modules\egg-multipart\app\schedule\clean_tmpdir.js
2019-10-17 10:08:45,735 INFO 11992 [egg-schedule]: register schedule D:\学习\高级node\nodejs-gaoji-\leasson8\sd-egg\node_modules\egg-logrotator\app\schedule\clean_log.js
2019-10-17 10:08:45,735 INFO 11992 [egg-schedule]: register schedule D:\学习\高级node\nodejs-gaoji-\leasson8\sd-egg\node_modules\egg-logrotator\app\schedule\rotate_by_file.js
2019-10-17 10:08:47,004 INFO 11256 [egg-schedule]: register schedule D:\学习\高级node\nodejs-gaoji-\leasson8\sd-egg\node_modules\egg-multipart\app\schedule\clean_tmpdir.js
2019-10-17 10:08:47,004 INFO 11256 [egg-schedule]: register schedule D:\学习\高级node\nodejs-gaoji-\leasson8\sd-egg\node_modules\egg-logrotator\app\schedule\clean_log.js
2019-10-17 10:08:47,004 INFO 11256 [egg-schedule]: register schedule D:\学习\高级node\nodejs-gaoji-\leasson8\sd-egg\node_modules\egg-logrotator\app\schedule\rotate_by_file.js
2019-10-17 10:08:52,271 INFO 7700 [egg-schedule]: register schedule D:\学习\高级node\nodejs-gaoji-\leasson8\sd-egg\node_modules\egg-multipart\app\schedule\clean_tmpdir.js
2019-10-17 10:08:52,271 INFO 7700 [egg-schedule]: register schedule D:\学习\高级node\nodejs-gaoji-\leasson8\sd-egg\node_modules\egg-logrotator\app\schedule\clean_log.js
2019-10-17 10:08:52,271 INFO 7700 [egg-schedule]: register schedule D:\学习\高级node\nodejs-gaoji-\leasson8\sd-egg\node_modules\egg-logrotator\app\schedule\rotate_by_file.js
2019-10-17 10:08:58,191 INFO 12896 [egg-schedule]: register schedule D:\学习\高级node\nodejs-gaoji-\leasson8\sd-egg\node_modules\egg-multipart\app\schedule\clean_tmpdir.js
2019-10-17 10:08:58,191 INFO 12896 [egg-schedule]: register schedule D:\学习\高级node\nodejs-gaoji-\leasson8\sd-egg\node_modules\egg-logrotator\app\schedule\clean_log.js
2019-10-17 10:08:58,191 INFO 12896 [egg-schedule]: register schedule D:\学习\高级node\nodejs-gaoji-\leasson8\sd-egg\node_modules\egg-logrotator\app\schedule\rotate_by_file.js
2019-10-17 10:09:05,354 INFO 13056 [egg-schedule]: register schedule D:\学习\高级node\nodejs-gaoji-\leasson8\sd-egg\node_modules\egg-multipart\app\schedule\clean_tmpdir.js
2019-10-17 10:09:05,354 INFO 13056 [egg-schedule]: register schedule D:\学习\高级node\nodejs-gaoji-\leasson8\sd-egg\node_modules\egg-logrotator\app\schedule\clean_log.js
2019-10-17 10:09:05,354 INFO 13056 [egg-schedule]: register schedule D:\学习\高级node\nodejs-gaoji-\leasson8\sd-egg\node_modules\egg-logrotator\app\schedule\rotate_by_file.js
2019-10-17 10:09:41,551 INFO 16352 [egg-schedule]: register schedule D:\学习\高级node\nodejs-gaoji-\leasson8\sd-egg\node_modules\egg-multipart\app\schedule\clean_tmpdir.js
2019-10-17 10:09:41,551 INFO 16352 [egg-schedule]: register schedule D:\学习\高级node\nodejs-gaoji-\leasson8\sd-egg\node_modules\egg-logrotator\app\schedule\clean_log.js
2019-10-17 10:09:41,551 INFO 16352 [egg-schedule]: register schedule D:\学习\高级node\nodejs-gaoji-\leasson8\sd-egg\node_modules\egg-logrotator\app\schedule\rotate_by_file.js
2019-10-17 10:09:55,877 INFO 2924 [egg-schedule]: register schedule D:\学习\高级node\nodejs-gaoji-\leasson8\sd-egg\node_modules\egg-multipart\app\schedule\clean_tmpdir.js
2019-10-17 10:09:55,877 INFO 2924 [egg-schedule]: register schedule D:\学习\高级node\nodejs-gaoji-\leasson8\sd-egg\node_modules\egg-logrotator\app\schedule\clean_log.js
2019-10-17 10:09:55,877 INFO 2924 [egg-schedule]: register schedule D:\学习\高级node\nodejs-gaoji-\leasson8\sd-egg\node_modules\egg-logrotator\app\schedule\rotate_by_file.js
2019-10-17 10:10:04,794 INFO 16676 [egg-schedule]: register schedule D:\学习\高级node\nodejs-gaoji-\leasson8\sd-egg\node_modules\egg-multipart\app\schedule\clean_tmpdir.js
2019-10-17 10:10:04,794 INFO 16676 [egg-schedule]: register schedule D:\学习\高级node\nodejs-gaoji-\leasson8\sd-egg\node_modules\egg-logrotator\app\schedule\clean_log.js
2019-10-17 10:10:04,794 INFO 16676 [egg-schedule]: register schedule D:\学习\高级node\nodejs-gaoji-\leasson8\sd-egg\node_modules\egg-logrotator\app\schedule\rotate_by_file.js
